<?xml version="1.0" encoding="UTF-8"?>
<!-- Generated by org.testng.reporters.JUnitReportReporter -->
<testsuite hostname="DESKTOP-QGTB2OF" name="selinum.TestExample" tests="1" failures="0" timestamp="2 Jan 2020 00:57:44 GMT" time="0.035" errors="0">
  <testcase name="login" time="0.035" classname="selinum.TestExample"/>
</testsuite> <!-- selinum.TestExample -->
